<?xml version="1.0" encoding="UTF-8"?>
<testng-results ignored="0" total="1" passed="1" failed="0" skipped="0">
  <reporter-output>
  </reporter-output>
  <suite started-at="2021-11-25T16:47:57Z" name="Default suite" finished-at="2021-11-25T16:48:19Z" duration-ms="21242">
    <groups>
    </groups>
    <test started-at="2021-11-25T16:47:57Z" name="Default test" finished-at="2021-11-25T16:48:19Z" duration-ms="21242">
      <class name="selenium.test.BodyEmailExtract">
        <test-method is-config="true" signature="createChromeDriver()[pri:0, instance:selenium.test.BodyEmailExtract@36060e]" started-at="2021-11-25T16:47:58Z" name="createChromeDriver" finished-at="2021-11-25T16:48:15Z" duration-ms="17264" status="PASS">
          <reporter-output>
          </reporter-output>
        </test-method> <!-- createChromeDriver -->
        <test-method signature="testdalamiframe()[pri:0, instance:selenium.test.BodyEmailExtract@36060e]" started-at="2021-11-25T16:48:15Z" name="testdalamiframe" finished-at="2021-11-25T16:48:18Z" duration-ms="3077" status="PASS">
          <reporter-output>
          </reporter-output>
        </test-method> <!-- testdalamiframe -->
        <test-method is-config="true" signature="quitChromeDriver()[pri:0, instance:selenium.test.BodyEmailExtract@36060e]" started-at="2021-11-25T16:48:18Z" name="quitChromeDriver" finished-at="2021-11-25T16:48:19Z" duration-ms="851" status="PASS">
          <reporter-output>
          </reporter-output>
        </test-method> <!-- quitChromeDriver -->
      </class> <!-- selenium.test.BodyEmailExtract -->
    </test> <!-- Default test -->
  </suite> <!-- Default suite -->
</testng-results>
