<?xml version="1.0" encoding="UTF-8"?>
<testng-results ignored="0" total="1" passed="1" failed="0" skipped="0">
  <reporter-output>
  </reporter-output>
  <suite started-at="2021-11-17T15:02:42Z" name="Default suite" finished-at="2021-11-17T15:02:52Z" duration-ms="9628">
    <groups>
    </groups>
    <test started-at="2021-11-17T15:02:42Z" name="Default test" finished-at="2021-11-17T15:02:52Z" duration-ms="9628">
      <class name="API.tugas5.APITestNo5">
        <test-method signature="tesDaftar()[pri:0, instance:API.tugas5.APITestNo5@7daa0fbd]" started-at="2021-11-17T15:02:42Z" name="tesDaftar" finished-at="2021-11-17T15:02:52Z" duration-ms="9577" status="PASS">
          <reporter-output>
          </reporter-output>
        </test-method> <!-- tesDaftar -->
      </class> <!-- API.tugas5.APITestNo5 -->
    </test> <!-- Default test -->
  </suite> <!-- Default suite -->
</testng-results>
